{
  "Unit Tests": {
    "coverage": {
    },
    "timestamp": 1416481915
  },
  "RSpec": {
    "coverage": {
      "/home/eliezer/Documentos/SYTW/17-23-noviembre/chat-blazee/app.rb": [
        1,
        1,
        1,
        null,
        null,
        null,
        1,
        1,
        null,
        1,
        1,
        null,
        1,
        2,
        1,
        1,
        null,
        1,
        1,
        null,
        null,
        null,
        1,
        2,
        0,
        0,
        null,
        2,
        2,
        2,
        2,
        2,
        2,
        2,
        null,
        null,
        null,
        1,
        1,
        1,
        1,
        null,
        null,
        1,
        3,
        1,
        null,
        2,
        1,
        null,
        1,
        null,
        null,
        1,
        2,
        1,
        1,
        1,
        null,
        null,
        1,
        2,
        1,
        1,
        null,
        null,
        1,
        2,
        1,
        null,
        1,
        1,
        null
      ]
    },
    "timestamp": 1416490600
  }
}
